[    0.000000] Initializing cgroup subsys cpuset
[    0.000000] Initializing cgroup subsys cpu
[    0.000000] Initializing cgroup subsys cpuacct
[    0.000000] Linux version 4.4.0-210-generic (buildd@lgw01-amd64-009) (gcc version 5.4.0 20160609 (Ubuntu 5.4.0-6ubuntu1~16.04.12) ) #242-Ubuntu SMP Fri Apr 16 09:57:56 UTC 2021 (Ubuntu 4.4.0-210.242-generic 4.4.262)
[    0.000000] Command line: BOOT_IMAGE=/boot/vmlinuz-4.4.0-210-generic root=LABEL=cloudimg-rootfs ro console=tty1 console=ttyS0
[    0.000000] KERNEL supported cpus:
[    0.000000]   Intel GenuineIntel
[    0.000000]   AMD AuthenticAMD
[    0.000000]   Centaur CentaurHauls
[    0.000000] x86/fpu: xstate_offset[2]:  576, xstate_sizes[2]:  256
[    0.000000] x86/fpu: Supporting XSAVE feature 0x01: 'x87 floating point registers'
[    0.000000] x86/fpu: Supporting XSAVE feature 0x02: 'SSE registers'
[    0.000000] x86/fpu: Supporting XSAVE feature 0x04: 'AVX registers'
[    0.000000] x86/fpu: Enabled xstate features 0x7, context size is 832 bytes, using 'standard' format.
[    0.000000] e820: BIOS-provided physical RAM map:
[    0.000000] BIOS-e820: [mem 0x0000000000000000-0x000000000009fbff] usable
[    0.000000] BIOS-e820: [mem 0x000000000009fc00-0x000000000009ffff] reserved
[    0.000000] BIOS-e820: [mem 0x00000000000f0000-0x00000000000fffff] reserved
[    0.000000] BIOS-e820: [mem 0x0000000000100000-0x000000003ffeffff] usable
[    0.000000] BIOS-e820: [mem 0x000000003fff0000-0x000000003fffffff] ACPI data
[    0.000000] BIOS-e820: [mem 0x00000000fec00000-0x00000000fec00fff] reserved
[    0.000000] BIOS-e820: [mem 0x00000000fee00000-0x00000000fee00fff] reserved
[    0.000000] BIOS-e820: [mem 0x00000000fffc0000-0x00000000ffffffff] reserved
[    0.000000] NX (Execute Disable) protection: active
[    0.000000] SMBIOS 2.5 present.
[    0.000000] Hypervisor detected: KVM
[    0.000000] e820: last_pfn = 0x3fff0 max_arch_pfn = 0x400000000
[    0.000000] MTRR: Disabled
[    0.000000] x86/PAT: MTRRs disabled, skipping PAT initialization too.
[    0.000000] CPU MTRRs all blank - virtualized system.
[    0.000000] x86/PAT: Configuration [0-7]: WB  WT  UC- UC  WB  WT  UC- UC  
[    0.000000] found SMP MP-table at [mem 0x0009fff0-0x0009ffff] mapped at [ffff88000009fff0]
[    0.000000] Scanning 1 areas for low memory corruption
[    0.000000] RAMDISK: [mem 0x362dc000-0x37165fff]
[    0.000000] ACPI: Early table checksum verification disabled
[    0.000000] ACPI: RSDP 0x00000000000E0000 000024 (v02 VBOX  )
[    0.000000] ACPI: XSDT 0x000000003FFF0030 00003C (v01 VBOX   VBOXXSDT 00000001 ASL  00000061)
[    0.000000] ACPI: FACP 0x000000003FFF00F0 0000F4 (v04 VBOX   VBOXFACP 00000001 ASL  00000061)
[    0.000000] ACPI: DSDT 0x000000003FFF0470 002325 (v02 VBOX   VBOXBIOS 00000002 INTL 20190509)
[    0.000000] ACPI: FACS 0x000000003FFF0200 000040
[    0.000000] ACPI: FACS 0x000000003FFF0200 000040
[    0.000000] ACPI: APIC 0x000000003FFF0240 00005C (v02 VBOX   VBOXAPIC 00000001 ASL  00000061)
[    0.000000] ACPI: SSDT 0x000000003FFF02A0 0001CC (v01 VBOX   VBOXCPUT 00000002 INTL 20190509)
[    0.000000] No NUMA configuration found
[    0.000000] Faking a node at [mem 0x0000000000000000-0x000000003ffeffff]
[    0.000000] NODE_DATA(0) allocated [mem 0x3ffeb000-0x3ffeffff]
[    0.000000] kvm-clock: Using msrs 4b564d01 and 4b564d00
[    0.000000] kvm-clock: cpu 0, msr 0:3ffe3001, primary cpu clock
[    0.000000] kvm-clock: using sched offset of 3654452690 cycles
[    0.000000] clocksource: kvm-clock: mask: 0xffffffffffffffff max_cycles: 0x1cd42e4dffb, max_idle_ns: 881590591483 ns
[    0.000000] Zone ranges:
[    0.000000]   DMA      [mem 0x0000000000001000-0x0000000000ffffff]
[    0.000000]   DMA32    [mem 0x0000000001000000-0x000000003ffeffff]
[    0.000000]   Normal   empty
[    0.000000]   Device   empty
[    0.000000] Movable zone start for each node
[    0.000000] Early memory node ranges
[    0.000000]   node   0: [mem 0x0000000000001000-0x000000000009efff]
[    0.000000]   node   0: [mem 0x0000000000100000-0x000000003ffeffff]
[    0.000000] Initmem setup node 0 [mem 0x0000000000001000-0x000000003ffeffff]
[    0.000000] ACPI: PM-Timer IO Port: 0x4008
[    0.000000] IOAPIC[0]: apic_id 2, version 32, address 0xfec00000, GSI 0-23
[    0.000000] ACPI: INT_SRC_OVR (bus 0 bus_irq 0 global_irq 2 dfl dfl)
[    0.000000] ACPI: INT_SRC_OVR (bus 0 bus_irq 9 global_irq 9 low level)
[    0.000000] Using ACPI (MADT) for SMP configuration information
[    0.000000] smpboot: Allowing 2 CPUs, 0 hotplug CPUs
[    0.000000] PM: Registered nosave memory: [mem 0x00000000-0x00000fff]
[    0.000000] PM: Registered nosave memory: [mem 0x0009f000-0x0009ffff]
[    0.000000] PM: Registered nosave memory: [mem 0x000a0000-0x000effff]
[    0.000000] PM: Registered nosave memory: [mem 0x000f0000-0x000fffff]
[    0.000000] e820: [mem 0x40000000-0xfebfffff] available for PCI devices
[    0.000000] Booting paravirtualized kernel on KVM
[    0.000000] clocksource: refined-jiffies: mask: 0xffffffff max_cycles: 0xffffffff, max_idle_ns: 7645519600211568 ns
[    0.000000] setup_percpu: NR_CPUS:512 nr_cpumask_bits:512 nr_cpu_ids:2 nr_node_ids:1
[    0.000000] PERCPU: Embedded 33 pages/cpu @ffff88003fc00000 s95192 r8192 d31784 u1048576
[    0.000000] Built 1 zonelists in Node order, mobility grouping on.  Total pages: 257912
[    0.000000] Policy zone: DMA32
[    0.000000] Kernel command line: BOOT_IMAGE=/boot/vmlinuz-4.4.0-210-generic root=LABEL=cloudimg-rootfs ro console=tty1 console=ttyS0
[    0.000000] PID hash table entries: 4096 (order: 3, 32768 bytes)
[    0.000000] Memory: 997792K/1048120K available (8644K kernel code, 1332K rwdata, 4044K rodata, 1492K init, 1164K bss, 50328K reserved, 0K cma-reserved)
[    0.000000] SLUB: HWalign=64, Order=0-3, MinObjects=0, CPUs=2, Nodes=1
[    0.000000] Kernel/User page tables isolation: enabled
[    0.000000] Hierarchical RCU implementation.
[    0.000000] 	Build-time adjustment of leaf fanout to 64.
[    0.000000] 	RCU restricting CPUs from NR_CPUS=512 to nr_cpu_ids=2.
[    0.000000] RCU: Adjusting geometry for rcu_fanout_leaf=64, nr_cpu_ids=2
[    0.000000] NR_IRQS:33024 nr_irqs:440 16
[    0.000000] Console: colour VGA+ 80x25
[    0.000000] console [tty1] enabled
[    0.000000] console [ttyS0] enabled
[    0.000000] tsc: Detected 2202.382 MHz processor
[    0.203517] Calibrating delay loop (skipped) preset value.. 4404.76 BogoMIPS (lpj=8809528)
[    0.205943] pid_max: default: 32768 minimum: 301
[    0.207292] ACPI: Core revision 20150930
[    0.209949] ACPI: 2 ACPI AML tables successfully acquired and loaded
[    0.211815] Security Framework initialized
[    0.213016] Yama: becoming mindful.
[    0.214102] AppArmor: AppArmor initialized
[    0.215459] Dentry cache hash table entries: 131072 (order: 8, 1048576 bytes)
[    0.218582] Inode-cache hash table entries: 65536 (order: 7, 524288 bytes)
[    0.220520] Mount-cache hash table entries: 2048 (order: 2, 16384 bytes)
[    0.222286] Mountpoint-cache hash table entries: 2048 (order: 2, 16384 bytes)
[    0.224476] Initializing cgroup subsys io
[    0.225680] Initializing cgroup subsys memory
[    0.226979] Initializing cgroup subsys devices
[    0.228251] Initializing cgroup subsys freezer
[    0.229531] Initializing cgroup subsys net_cls
[    0.231077] Initializing cgroup subsys perf_event
[    0.232401] Initializing cgroup subsys net_prio
[    0.233713] Initializing cgroup subsys hugetlb
[    0.235021] Initializing cgroup subsys pids
[    0.244113] mce: CPU supports 0 MCE banks
[    0.245333] Last level iTLB entries: 4KB 64, 2MB 8, 4MB 8
[    0.246836] Last level dTLB entries: 4KB 64, 2MB 0, 4MB 0, 1GB 4
[    0.248420] Spectre V1 : Mitigation: usercopy/swapgs barriers and __user pointer sanitization
[    0.250838] Spectre V2 : Mitigation: Full generic retpoline
[    0.252327] Spectre V2 : Spectre v2 / SpectreRSB mitigation: Filling RSB on context switch
[    0.254700] Speculative Store Bypass: Vulnerable
[    0.256003] SRBDS: Unknown: Dependent on hypervisor status
[    0.257603] MDS: Mitigation: Clear CPU buffers
[    0.262983] Freeing SMP alternatives memory: 36K
[    0.273185] ftrace: allocating 32380 entries in 127 pages
[    0.359945] smpboot: APIC(0) Converting physical 0 to logical package 0
[    0.363093] smpboot: Max logical packages: 1
[    0.365359] x2apic enabled
[    0.366657] Switched APIC routing to physical x2apic.
[    0.369762] ..TIMER: vector=0x30 apic1=0 pin1=2 apic2=-1 pin2=-1
[    0.479485] smpboot: CPU0: Intel(R) Core(TM) i5-5200U CPU @ 2.20GHz (family: 0x6, model: 0x3d, stepping: 0x4)
[    0.482451] Performance Events: unsupported p6 CPU model 61 no PMU driver, software events only.
[    0.500059] KVM setup paravirtual spinlock
[    0.502379] x86: Booting SMP configuration:
[    0.503621] .... node  #0, CPUs:      #1
[    0.504880] kvm-clock: cpu 1, msr 0:3ffe3041, secondary cpu clock
[    0.518019] mce: CPU supports 0 MCE banks
[    0.521419] x86: Booted up 1 node, 2 CPUs
[    0.523000] smpboot: Total of 2 processors activated (8809.52 BogoMIPS)
[    0.525311] devtmpfs: initialized
[    0.529318] evm: security.selinux
[    0.530405] evm: security.SMACK64
[    0.531459] evm: security.SMACK64EXEC
[    0.532601] evm: security.SMACK64TRANSMUTE
[    0.533800] evm: security.SMACK64MMAP
[    0.534936] evm: security.ima
[    0.535934] evm: security.capability
[    0.537238] clocksource: jiffies: mask: 0xffffffff max_cycles: 0xffffffff, max_idle_ns: 7645041785100000 ns
[    0.540052] futex hash table entries: 512 (order: 3, 32768 bytes)
[    0.541804] pinctrl core: initialized pinctrl subsystem
[    0.543390] RTC time:  1:55:12, date: 09/10/21
[    0.544974] NET: Registered protocol family 16
[    0.555460] cpuidle: using governor ladder
[    0.567508] cpuidle: using governor menu
[    0.568759] PCCT header not found.
[    0.569948] ACPI: bus type PCI registered
[    0.571148] acpiphp: ACPI Hot Plug PCI Controller Driver version: 0.5
[    0.573023] PCI: Using configuration type 1 for base access
[    0.587675] ACPI: Added _OSI(Module Device)
[    0.588908] ACPI: Added _OSI(Processor Device)
[    0.590244] ACPI: Added _OSI(3.0 _SCP Extensions)
[    0.591594] ACPI: Added _OSI(Processor Aggregator Device)
[    0.594147] ACPI: Executed 1 blocks of module-level executable AML code
[    0.599058] ACPI: Interpreter enabled
[    0.600292] ACPI: (supports S0 S5)
[    0.601354] ACPI: Using IOAPIC for interrupt routing
[    0.602963] PCI: Using host bridge windows from ACPI; if necessary, use "pci=nocrs" and report a bug
[    0.610904] ACPI: PCI Root Bridge [PCI0] (domain 0000 [bus 00-ff])
[    0.612572] acpi PNP0A03:00: _OSC: OS supports [ASPM ClockPM Segments MSI]
[    0.614871] acpi PNP0A03:00: _OSC: not requesting OS control; OS requires [ExtendedConfig ASPM ClockPM MSI]
[    0.617582] acpi PNP0A03:00: fail to add MMCONFIG information, can't access extended PCI configuration space under this bridge.
[    0.621031] PCI host bridge to bus 0000:00
[    0.622287] pci_bus 0000:00: root bus resource [io  0x0000-0x0cf7 window]
[    0.624093] pci_bus 0000:00: root bus resource [io  0x0d00-0xffff window]
[    0.625847] pci_bus 0000:00: root bus resource [mem 0x000a0000-0x000bffff window]
[    0.628126] pci_bus 0000:00: root bus resource [mem 0x40000000-0xfdffffff window]
[    0.630342] pci_bus 0000:00: root bus resource [bus 00-ff]
[    0.634126] pci 0000:00:01.1: legacy IDE quirk: reg 0x10: [io  0x01f0-0x01f7]
[    0.635992] pci 0000:00:01.1: legacy IDE quirk: reg 0x14: [io  0x03f6]
[    0.637754] pci 0000:00:01.1: legacy IDE quirk: reg 0x18: [io  0x0170-0x0177]
[    0.655347] pci 0000:00:01.1: legacy IDE quirk: reg 0x1c: [io  0x0376]
[    0.683180] pci 0000:00:07.0: quirk: [io  0x4000-0x403f] claimed by PIIX4 ACPI
[    0.685409] pci 0000:00:07.0: quirk: [io  0x4100-0x410f] claimed by PIIX4 SMB
[    0.702950] ACPI: PCI Interrupt Link [LNKA] (IRQs 5 9 10 *11)
[    0.705385] ACPI: PCI Interrupt Link [LNKB] (IRQs 5 9 *10 11)
[    0.707543] ACPI: PCI Interrupt Link [LNKC] (IRQs 5 *9 10 11)
[    0.709741] ACPI: PCI Interrupt Link [LNKD] (IRQs 5 9 10 *11)
[    0.711986] ACPI: Enabled 2 GPEs in block 00 to 07
[    0.713867] vgaarb: setting as boot device: PCI:0000:00:02.0
[    0.715414] vgaarb: device added: PCI:0000:00:02.0,decodes=io+mem,owns=io+mem,locks=none
[    0.717787] vgaarb: loaded
[    0.718721] vgaarb: bridge control possible 0000:00:02.0
[    0.720550] SCSI subsystem initialized
[    0.721891] ACPI: bus type USB registered
[    0.723130] usbcore: registered new interface driver usbfs
[    0.724634] usbcore: registered new interface driver hub
[    0.726141] usbcore: registered new device driver usb
[    0.728890] PCI: Using ACPI for IRQ routing
[    0.730592] NetLabel: Initializing
[    0.731681] NetLabel:  domain hash size = 128
[    0.732934] NetLabel:  protocols = UNLABELED CIPSOv4
[    0.734513] NetLabel:  unlabeled traffic allowed by default
[    0.736232] amd_nb: Cannot enumerate AMD northbridges
[    0.737710] clocksource: Switched to clocksource kvm-clock
[    0.749891] AppArmor: AppArmor Filesystem Enabled
[    0.751404] pnp: PnP ACPI init
[    0.753485] pnp: PnP ACPI: found 3 devices
[    0.764680] clocksource: acpi_pm: mask: 0xffffff max_cycles: 0xffffff, max_idle_ns: 2085701024 ns
[    0.767345] NET: Registered protocol family 2
[    0.768859] TCP established hash table entries: 8192 (order: 4, 65536 bytes)
[    0.770736] TCP bind hash table entries: 8192 (order: 5, 131072 bytes)
[    0.772460] TCP: Hash tables configured (established 8192 bind 8192)
[    0.774147] UDP hash table entries: 512 (order: 2, 16384 bytes)
[    0.775785] UDP-Lite hash table entries: 512 (order: 2, 16384 bytes)
[    0.777490] NET: Registered protocol family 1
[    0.778803] pci 0000:00:00.0: Limiting direct PCI/PCI transfers
[    0.780393] pci 0000:00:01.0: Activating ISA DMA hang workarounds
[    0.782184] Unpacking initramfs...
[    1.134886] Freeing initrd memory: 14888K
[    1.136766] RAPL PMU detected, API unit is 2^-32 Joules, 4 fixed counters 10737418240 ms ovfl timer
[    1.139312] hw unit of domain pp0-core 2^-0 Joules
[    1.140653] hw unit of domain package 2^-0 Joules
[    1.142028] hw unit of domain dram 2^-0 Joules
[    1.143332] hw unit of domain pp1-gpu 2^-0 Joules
[    1.144675] clocksource: tsc: mask: 0xffffffffffffffff max_cycles: 0x1fbefd221ee, max_idle_ns: 440795259527 ns
[    1.147493] platform rtc_cmos: registered platform RTC device (no PNP device found)
[    1.149909] Scanning for low memory corruption every 60 seconds
[    1.151984] audit: initializing netlink subsys (disabled)
[    1.153480] audit: type=2000 audit(1631238917.934:1): initialized
[    1.155557] Initialise system trusted keyring
[    1.157050] HugeTLB registered 2 MB page size, pre-allocated 0 pages
[    1.162365] zbud: loaded
[    1.163733] VFS: Disk quotas dquot_6.6.0
[    1.164964] VFS: Dquot-cache hash table entries: 512 (order 0, 4096 bytes)
[    1.167227] squashfs: version 4.0 (2009/01/31) Phillip Lougher
[    1.169202] fuse init (API version 7.23)
[    1.170709] Key type big_key registered
[    1.171906] Allocating IMA MOK and blacklist keyrings.
[    1.174765] Key type asymmetric registered
[    1.175990] Asymmetric key parser 'x509' registered
[    1.177414] Block layer SCSI generic (bsg) driver version 0.4 loaded (major 249)
[    1.179768] io scheduler noop registered
[    1.180958] io scheduler deadline registered (default)
[    1.182497] io scheduler cfq registered
[    1.183794] pci_hotplug: PCI Hot Plug PCI Core version: 0.5
[    1.185313] pciehp: PCI Express Hot Plug Controller Driver version: 0.4
[    1.187305] ACPI: AC Adapter [AC] (on-line)
[    1.188619] input: Power Button as /devices/LNXSYSTM:00/LNXPWRBN:00/input/input0
[    1.192754] ACPI: Power Button [PWRF]
[    1.194352] input: Sleep Button as /devices/LNXSYSTM:00/LNXSLPBN:00/input/input1
[    1.196540] ACPI: Sleep Button [SLPF]
[    1.198848] ACPI: Battery Slot [BAT0] (battery present)
[    1.200332] GHES: HEST is not enabled!
[    1.201632] Serial: 8250/16550 driver, 32 ports, IRQ sharing enabled
[    1.224204] 00:02: ttyS0 at I/O 0x3f8 (irq = 4, base_baud = 115200) is a 16550A
[    1.228184] Linux agpgart interface v0.103
[    1.231690] loop: module loaded
[    1.233882] scsi host0: ata_piix
[    1.235086] scsi host1: ata_piix
[    1.236180] ata1: PATA max UDMA/33 cmd 0x1f0 ctl 0x3f6 bmdma 0xd000 irq 14
[    1.237990] ata2: PATA max UDMA/33 cmd 0x170 ctl 0x376 bmdma 0xd008 irq 15
[    1.239963] libphy: Fixed MDIO Bus: probed
[    1.241567] tun: Universal TUN/TAP device driver, 1.6
[    1.243003] tun: (C) 1999-2004 Max Krasnyansky <maxk@qualcomm.com>
[    1.244709] PPP generic driver version 2.4.2
[    1.246095] ehci_hcd: USB 2.0 'Enhanced' Host Controller (EHCI) Driver
[    1.249510] ehci-pci: EHCI PCI platform driver
[    1.250918] ehci-platform: EHCI generic platform driver
[    1.252377] ohci_hcd: USB 1.1 'Open' Host Controller (OHCI) Driver
[    1.254038] ohci-pci: OHCI PCI platform driver
[    1.255435] ohci-platform: OHCI generic platform driver
[    1.256905] uhci_hcd: USB Universal Host Controller Interface driver
[    1.258848] i8042: PNP: PS/2 Controller [PNP0303:PS2K,PNP0f03:PS2M] at 0x60,0x64 irq 1,12
[    1.261846] serio: i8042 KBD port at 0x60,0x64 irq 1
[    1.263250] serio: i8042 AUX port at 0x60,0x64 irq 12
[    1.265092] mousedev: PS/2 mouse device common for all mice
[    1.267632] input: AT Translated Set 2 keyboard as /devices/platform/i8042/serio0/input/input2
[    1.270459] rtc_cmos rtc_cmos: rtc core: registered rtc_cmos as rtc0
[    1.272214] rtc_cmos rtc_cmos: alarms up to one day, 114 bytes nvram
[    1.273895] i2c /dev entries driver
[    1.275137] device-mapper: uevent: version 1.0.3
[    1.276538] device-mapper: ioctl: 4.34.0-ioctl (2015-10-28) initialised: dm-devel@redhat.com
[    1.279032] ledtrig-cpu: registered to indicate activity on CPUs
[    1.281154] NET: Registered protocol family 10
[    1.282738] NET: Registered protocol family 17
[    1.284042] Key type dns_resolver registered
[    1.285649] registered taskstats version 1
[    1.286974] Loading compiled-in X.509 certificates
[    1.289456] Loaded X.509 cert 'Build time autogenerated kernel key: cf00e047681d67edb2720680708b7d9498083038'
[    1.292253] zswap: loaded using pool lzo/zbud
[    1.296038] Key type trusted registered
[    1.301812] Key type encrypted registered
[    1.303036] AppArmor: AppArmor sha1 policy hashing enabled
[    1.304540] ima: No TPM chip found, activating TPM-bypass!
[    1.306081] ima: Allocated hash algorithm: sha1
[    1.307466] evm: HMAC attrs: 0x1
[    1.308935]   Magic number: 5:762:912
[    1.310225] rtc_cmos rtc_cmos: setting system clock to 2021-09-10 01:55:12 UTC (1631238912)
[    1.312748] BIOS EDD facility v0.16 2004-Jun-25, 0 devices found
[    1.314446] EDD information not available.
[    1.419590] Freeing unused kernel memory: 1492K
[    1.420948] Write protecting the kernel read-only data: 14336k
[    1.423214] Freeing unused kernel memory: 1584K
[    1.424732] Freeing unused kernel memory: 52K
Loading, please wait...
starting version 229
[    1.444586] random: systemd-udevd: uninitialized urandom read (16 bytes read, 3 bits of entropy available)
[    1.445106] random: udevadm: uninitialized urandom read (16 bytes read, 3 bits of entropy available)
[    1.445144] random: udevadm: uninitialized urandom read (16 bytes read, 3 bits of entropy available)
[    1.457325] random: systemd-udevd: uninitialized urandom read (16 bytes read, 3 bits of entropy available)
[    1.458125] random: udevadm: uninitialized urandom read (16 bytes read, 3 bits of entropy available)
[    1.458196] random: udevadm: uninitialized urandom read (16 bytes read, 3 bits of entropy available)
[    1.458407] random: udevadm: uninitialized urandom read (16 bytes read, 3 bits of entropy available)
[    1.458491] random: udevadm: uninitialized urandom read (16 bytes read, 3 bits of entropy available)
[    1.458568] random: udevadm: uninitialized urandom read (16 bytes read, 3 bits of entropy available)
[    1.458648] random: udevadm: uninitialized urandom read (16 bytes read, 3 bits of entropy available)
[    1.558367] Fusion MPT base driver 3.04.20
[    1.559707] Copyright (c) 1999-2008 LSI Corporation
[    1.570016] e1000: Intel(R) PRO/1000 Network Driver - version 7.3.21-k8-NAPI
[    1.571950] e1000: Copyright (c) 1999-2006 Intel Corporation.
[    1.607922] AVX2 version of gcm_enc/dec engaged.
[    1.610107] AES CTR mode by8 optimization enabled
[    1.612357] Fusion MPT SPI Host driver 3.04.20
[    1.800420] input: ImExPS/2 Generic Explorer Mouse as /devices/platform/i8042/serio1/input/input4
[    2.168125] e1000 0000:00:03.0 eth0: (PCI:33MHz:32-bit) 02:a0:46:b5:71:eb
[    2.171043] e1000 0000:00:03.0 eth0: Intel(R) PRO/1000 Network Connection
[    2.176710] mptbase: ioc0: Initiating bringup
[    2.238023] ioc0: LSI53C1030 A0: Capabilities={Initiator}
[    2.399395] scsi host2: ioc0: LSI53C1030 A0, FwRev=00000000h, Ports=1, MaxQ=256, IRQ=20
[    2.514105] scsi 2:0:0:0: Direct-Access     VBOX     HARDDISK         1.0  PQ: 0 ANSI: 5
[    2.516472] scsi target2:0:0: Beginning Domain Validation
[    2.520659] scsi target2:0:0: Domain Validation skipping write tests
[    2.522391] scsi target2:0:0: Ending Domain Validation
[    2.523891] scsi target2:0:0: asynchronous
[    2.541060] scsi 2:0:1:0: Direct-Access     VBOX     HARDDISK         1.0  PQ: 0 ANSI: 5
[    2.543458] scsi target2:0:1: Beginning Domain Validation
[    2.546498] scsi target2:0:1: Domain Validation skipping write tests
[    2.548189] scsi target2:0:1: Ending Domain Validation
[    2.549683] scsi target2:0:1: asynchronous
[    2.558561] sd 2:0:0:0: [sda] 83886080 512-byte logical blocks: (42.9 GB/40.0 GiB)
[    2.562276] sd 2:0:0:0: Attached scsi generic sg0 type 0
[    2.565203] sd 2:0:1:0: [sdb] 20480 512-byte logical blocks: (10.5 MB/10.0 MiB)
[    2.569352] sd 2:0:1:0: Attached scsi generic sg1 type 0
[    2.572096] sd 2:0:1:0: [sdb] Write Protect is off
[    2.574539] sd 2:0:0:0: [sda] Write Protect is off
[    2.576874] sd 2:0:0:0: [sda] Incomplete mode parameter data
[    2.579495] sd 2:0:0:0: [sda] Assuming drive cache: write through
[    2.582706] sd 2:0:1:0: [sdb] Incomplete mode parameter data
[    2.585245] sd 2:0:1:0: [sdb] Assuming drive cache: write through
[    2.624913]  sda: sda1
[    2.627299] sd 2:0:1:0: [sdb] Attached SCSI disk
[    2.630588] sd 2:0:0:0: [sda] Attached SCSI disk
[    2.903373] e1000 0000:00:08.0 eth1: (PCI:33MHz:32-bit) 08:00:27:6a:c9:ca
[    2.905228] e1000 0000:00:08.0 eth1: Intel(R) PRO/1000 Network Connection
[    2.908307] e1000 0000:00:03.0 enp0s3: renamed from eth0
[    2.921990] e1000 0000:00:08.0 enp0s8: renamed from eth1
Begin: Loading essential drivers ... [    4.657361] md: linear personality registered for level -1
[    4.662900] md: multipath personality registered for level -4
[    4.668475] md: raid0 personality registered for level 0
[    4.675740] md: raid1 personality registered for level 1
[    4.749738] raid6: sse2x1   gen()  4642 MB/s
[    4.817732] raid6: sse2x1   xor()  3381 MB/s
[    4.885729] raid6: sse2x2   gen()  5722 MB/s
[    4.953738] raid6: sse2x2   xor()  3869 MB/s
[    5.021737] raid6: sse2x4   gen()  6552 MB/s
[    5.089728] raid6: sse2x4   xor()  4311 MB/s
[    5.157729] raid6: avx2x1   gen()  9163 MB/s
[    5.225732] raid6: avx2x2   gen() 10698 MB/s
[    5.293735] raid6: avx2x4   gen() 12131 MB/s
[    5.295004] raid6: using algorithm avx2x4 gen() 12131 MB/s
[    5.296509] raid6: using avx2x2 recovery algorithm
[    5.300047] xor: automatically using best checksumming function:
[    5.363482]    avx       : 44123.000 MB/sec
[    5.366973] async_tx: api initialized (async)
[    5.383723] md: raid6 personality registered for level 6
[    5.386224] md: raid5 personality registered for level 5
[    5.387719] md: raid4 personality registered for level 4
[    5.399254] md: raid10 personality registered for level 10
done.
Begin: Running /scripts/init-premount ... done.
Begin: Mounting root file system ... Begin: Running /scripts/local-top ... done.
Begin: Running /scripts/local-premount ... [    5.446779] Btrfs loaded
Scanning for Btrfs filesystems
done.
Warning: fsck not present, so skipping root file system
[    5.513473] EXT4-fs (sda1): mounted filesystem with ordered data mode. Opts: (null)
done.
Begin: Running /scripts/local-bottom ... done.
Begin: Running /scripts/init-bottom ... done.
[    6.040481] systemd[1]: systemd 229 running in system mode. (+PAM +AUDIT +SELINUX +IMA +APPARMOR +SMACK +SYSVINIT +UTMP +LIBCRYPTSETUP +GCRYPT +GNUTLS +ACL +XZ -LZ4 +SECCOMP +BLKID +ELFUTILS +KMOD -IDN)
[    6.045282] systemd[1]: Detected virtualization oracle.
[    6.046783] systemd[1]: Detected architecture x86-64.

Welcome to [1mUbuntu 16.04.7 LTS[0m!

[    6.086062] systemd[1]: Set hostname to <web01>.
[    6.474190] random: nonblocking pool is initialized
[    6.903360] systemd[1]: Reached target System Time Synchronized.
[[0;32m  OK  [0m] Reached target System Time Synchronized.
[    6.906740] systemd[1]: Reached target User and Group Name Lookups.
[[0;32m  OK  [0m] Reached target User and Group Name Lookups.
[    6.910027] systemd[1]: Listening on fsck to fsckd communication Socket.
[[0;32m  OK  [0m] Listening on fsck to fsckd communication Socket.
[    6.913850] systemd[1]: Created slice System Slice.
[[0;32m  OK  [0m] Created slice System Slice.
[    6.918647] systemd[1]: Listening on Syslog Socket.
[[0;32m  OK  [0m] Listening on Syslog Socket.
[    6.921436] systemd[1]: Listening on /dev/initctl Compatibility Named Pipe.
[[0;32m  OK  [0m] Listening on /dev/initctl Compatibility Named Pipe.
[    6.925348] systemd[1]: Created slice system-serial\x2dgetty.slice.
[[0;32m  OK  [0m] Created slice system-serial\x2dgetty.slice.
[    6.928704] systemd[1]: Started Forward Password Requests to Wall Directory Watch.
[[0;32m  OK  [0m] Started Forward Password Requests to Wall Directory Watch.
[    6.932843] systemd[1]: Listening on udev Kernel Socket.
[[0;32m  OK  [0m] Listening on udev Kernel Socket.
[    6.936222] systemd[1]: Created slice User and Session Slice.
[[0;32m  OK  [0m] Created slice User and Session Slice.
[    6.939242] systemd[1]: Started Trigger resolvconf update for networkd DNS.
[[0;32m  OK  [0m] Started Trigger resolvconf update for networkd DNS.
[    6.942816] systemd[1]: Listening on udev Control Socket.
[[0;32m  OK  [0m] Listening on udev Control Socket.
[    6.945614] systemd[1]: Listening on Journal Socket.
[[0;32m  OK  [0m] Listening on Journal Socket.
[    6.957836] systemd[1]: Mounting POSIX Message Queue File System...
         Mounting POSIX Message Queue File System...
[    6.962321] systemd[1]: Starting File System Check on Root Device...
         Starting File System Check on Root Device...
[    6.968384] systemd[1]: Mounting Huge Pages File System...
         Mounting Huge Pages File System...
[    6.983091] systemd[1]: Starting Create list of required static device nodes for the current kernel...
         Starting Create list of required st... nodes for the current kernel...
[    6.988567] systemd[1]: Reached target Slices.
[[0;32m  OK  [0m] Reached target Slices.
[    6.991777] systemd[1]: Listening on Device-mapper event daemon FIFOs.
[[0;32m  OK  [0m] Listening on Device-mapper event daemon FIFOs.
[    6.995450] systemd[1]: Reached target Swap.
[[0;32m  OK  [0m] Reached target Swap.
[    7.062007] systemd[1]: Starting Load Kernel Modules...
         Starting Load Kernel Modules...
[    7.065080] systemd[1]: Listening on LVM2 metadata daemon socket.
[[0;32m  OK  [0m] Listening on LVM2 metadata daemon socket.
[    7.069346] systemd[1]: Starting Monitoring of LVM2 mirrors, snapshots etc. using dmeventd or progress polling...
         Starting Monitoring of LVM2 mirrors... dmeventd or progress polling...
[    7.074784] systemd[1]: Reached target Encrypted Volumes.
[[0;32m  OK  [0m] Reached target Encrypted Volumes.
[    7.078031] systemd[1]: Set up automount Arbitrary Executable File Formats File System Automount Point.
[[0;32m  OK  [0m] Set up automount Arbitrary Executab...ats File System Automount Point.
[    7.125886] systemd[1]: Starting Nameserver information manager...
         Starting Nameserver information manager...
[    7.129091] systemd[1]: Listening on Journal Socket (/dev/log).
[[0;32m  OK  [0m] Listening on Journal Socket (/dev/log).
[    7.132391] systemd[1]: Listening on Journal Audit Socket.
[[0;32m  OK  [0m] Listening on Journal Audit Socket.
[    7.136278] systemd[1]: Starting Journal Service...
         Starting Journal Service...
[    7.141301] systemd[1]: Starting Uncomplicated firewall...
         Starting Uncomplicated firewall...
[    7.144497] systemd[1]: Listening on LVM2 poll daemon socket.
[[0;32m  OK  [0m] Listening on LVM2 poll daemon socket.
[    7.149475] systemd[1]: Starting Set console keymap...
         Starting Set console keymap...
[    7.153015] systemd[1]: Mounting Debug File System...
         Mounting Debug File System...
[    7.159357] systemd[1]: Started Create list of required static device nodes for the current kernel.
[[0;32m  OK  [0m] Started Create list of required sta...ce nodes for the current kernel.
[    7.166403] systemd[1]: Started File System Check Daemon to report status.
[[0;32m  OK  [0m] Started File System Check Daemon to report status.
[    7.171180] systemd[1]: Starting Create Static Device Nodes in /dev...
         Starting Create Static Device Nodes in /dev...
[    7.179076] systemd[1]: Mounted POSIX Message Queue File System.
[[0;32m  OK  [0m] Mounted POSIX Message Queue File System.
[    7.183505] systemd[1]: Mounted Huge Pages File System.
[[0;32m  OK  [0m] Mounted Huge Pages File System.
[    7.186345] systemd[1]: Mounted Debug File System.
[[0;32m  OK  [0m] Mounted Debug File System.
[    7.257959] systemd[1]: Started Nameserver information manager.
[[0;32m  OK  [0m] Started Nameserver information manager.
[    7.266460] Loading iSCSI transport class v2.0-870.
[    7.397932] systemd[1]: Started Uncomplicated firewall.
[[0;32m  OK  [0m] Started Uncomplicated firewall.
[    7.403748] iscsi: registered transport (tcp)
[    7.506152] systemd[1]: Started Journal Service.
[[0;32m  OK  [0m] Started Journal Service.
[[0;32m  OK  [0m] Started File System Check on Root Device.
         Starting Remount Root and Kernel File Systems...
[[0;32m  OK  [0m] Started Set console keymap.
[    7.595986] EXT4-fs (sda1): re-mounted. Opts: (null)
[[0;32m  OK  [0m] Started Remount Root and Kernel File Systems.
[    7.613607] iscsi: registered transport (iser)
         Starting udev Coldplug all Devices...
         Starting Flush Journal to Persistent Storage...
         Starting Load/Save Random Seed...
[[0;32m  OK  [0m] Started Load Kernel Modules.
         Mounting FUSE Control File System...
         Starting Apply Kernel Variables...
[[0;32m  OK  [0m] Mounted FUSE Control File System.
[[0;32m  OK  [0m] Started LVM2 metadata daemon.
[[0;32m  OK  [0m] Started Create Static Device Nodes in /dev.
         Starting udev Kernel Device Manager...
[    7.761480] systemd-journald[392]: Received request to flush runtime journal from PID 1
[[0;32m  OK  [0m] Started Flush Journal to Persistent Storage.
[[0;32m  OK  [0m] Started Load/Save Random Seed.
[[0;32m  OK  [0m] Started Apply Kernel Variables.
[[0;32m  OK  [0m] Started udev Coldplug all Devices.
[[0;32m  OK  [0m] Started Monitoring of LVM2 mirrors,...ng dmeventd or progress polling.
[[0;32m  OK  [0m] Reached target Local File Systems (Pre).
         Mounting /vagrant...
[[0;32m  OK  [0m] Reached target Local File Systems.
         Starting LSB: AppArmor initialization...
         Starting Create Volatile Files and Directories...
         Starting Tell Plymouth To Write Out Runtime Data...
         Starting Set console font and keymap...
         Starting Initial cloud-init job (pre-networking)...
[[0;1;31mFAILED[0m] Failed to mount /vagrant.
See 'systemctl status vagrant.mount' for details.
[[0;32m  OK  [0m] Started udev Kernel Device Manager.
[[0;32m  OK  [0m] Started Dispatch Password Requests to Console Directory Watch.
[[0;32m  OK  [0m] Started Tell Plymouth To Write Out Runtime Data.
[[0;32m  OK  [0m] Started Create Volatile Files and Directories.
         Starting Update UTMP about System Boot/Shutdown...
[[0;32m  OK  [0m] Found device /dev/ttyS0.
[[0;32m  OK  [0m] Started Update UTMP about System Boot/Shutdown.
[[0;32m  OK  [0m] Listening on Load/Save RF Kill Switch Status /dev/rfkill Watch.
[[0;32m  OK  [0m] Found device 82540EM Gigabit Ethern...r (PRO/1000 MT Desktop Adapter).
[[0;32m  OK  [0m] Found device 82540EM Gigabit Ethern...r (PRO/1000 MT Desktop Adapter).
[[0;32m  OK  [0m] Started LSB: AppArmor initialization.
         Starting Load AppArmor profiles managed internally by snapd...
[[0;32m  OK  [0m] Started Set console font and keymap.
[[0;32m  OK  [0m] Created slice system-getty.slice.
[[0;32m  OK  [0m] Started Load AppArmor profiles managed internally by snapd.
[   12.414897] cloud-init[496]: Cloud-init v. 21.1-19-gbad84ad4-0ubuntu1~16.04.2 running 'init-local' at Fri, 10 Sep 2021 01:55:23 +0000. Up 11.73 seconds.
[[0;32m  OK  [0m] Started Initial cloud-init job (pre-networking).
[[0;32m  OK  [0m] Reached target Network (Pre).
         Starting Raise network interfaces...
[[0;32m  OK  [0m] Started ifup for enp0s8.
[[0;32m  OK  [0m] Started ifup for enp0s3.
[[0;32m  OK  [0m] Started Raise network interfaces.
[[0;32m  OK  [0m] Reached target Network.
         Starting Initial cloud-init job (metadata service crawler)...
[   13.646937] cloud-init[1096]: Cloud-init v. 21.1-19-gbad84ad4-0ubuntu1~16.04.2 running 'init' at Fri, 10 Sep 2021 01:55:24 +0000. Up 13.11 seconds.
[   13.649500] cloud-init[1096]: ci-info: ++++++++++++++++++++++++++++++++++++++Net device info+++++++++++++++++++++++++++++++++++++++
[   13.652368] cloud-init[1096]: ci-info: +--------+------+-----------------------------+---------------+--------+-------------------+
[   13.656940] cloud-init[1096]: ci-info: | Device |  Up  |           Address           |      Mask     | Scope  |     Hw-Address    |
[   13.659191] cloud-init[1096]: ci-info: +--------+------+-----------------------------+---------------+--------+-------------------+
[   13.661353] cloud-init[1096]: ci-info: | enp0s3 | True |          10.0.2.15          | 255.255.255.0 | global | 02:a0:46:b5:71:eb |
[   13.664382] cloud-init[1096]: ci-info: | enp0s3 | True |  fe80::a0:46ff:feb5:71eb/64 |       .       |  link  | 02:a0:46:b5:71:eb |
[   13.666603] cloud-init[1096]: ci-info: | enp0s8 | True |        192.168.33.11        | 255.255.255.0 | global | 08:00:27:6a:c9:ca |
[   13.668943] cloud-init[1096]: ci-info: | enp0s8 | True | fe80::a00:27ff:fe6a:c9ca/64 |       .       |  link  | 08:00:27:6a:c9:ca |
[   13.676902] cloud-init[1096]: ci-info: |   lo   | True |          127.0.0.1          |   255.0.0.0   |  host  |         .         |
[   13.679130] cloud-init[1096]: ci-info: |   lo   | True |           ::1/128           |       .       |  host  |         .         |
[   13.681384] cloud-init[1096]: ci-info: +--------+------+-----------------------------+---------------+--------+-------------------+
[   13.683661] cloud-init[1096]: ci-info: ++++++++++++++++++++++++++++Route IPv4 info++++++++++++++++++++++++++++
[   13.688741] cloud-init[1096]: ci-info: +-------+--------------+----------+---------------+-----------+-------+
[   13.690641] cloud-init[1096]: ci-info: | Route | Destination  | Gateway  |    Genmask    | Interface | Flags |
[   13.692621] cloud-init[1096]: ci-info: +-------+--------------+----------+---------------+-----------+-------+
[   13.694635] cloud-init[1096]: ci-info: |   0   |   0.0.0.0    | 10.0.2.2 |    0.0.0.0    |   enp0s3  |   UG  |
[   13.696623] cloud-init[1096]: ci-info: |   1   |   10.0.2.0   | 0.0.0.0  | 255.255.255.0 |   enp0s3  |   U   |
[   13.700489] cloud-init[1096]: ci-info: |   2   | 192.168.33.0 | 0.0.0.0  | 255.255.255.0 |   enp0s8  |   U   |
[   13.702459] cloud-init[1096]: ci-info: +-------+--------------+----------+---------------+-----------+-------+
[   13.704470] cloud-init[1096]: ci-info: +++++++++++++++++++Route IPv6 info+++++++++++++++++++
[   13.708539] cloud-init[1096]: ci-info: +-------+-------------+---------+-----------+-------+
[   13.710201] cloud-init[1096]: ci-info: | Route | Destination | Gateway | Interface | Flags |
[   13.711922] cloud-init[1096]: ci-info: +-------+-------------+---------+-----------+-------+
[   13.713845] cloud-init[1096]: ci-info: |   0   |  fe80::/64  |    ::   |   enp0s8  |   U   |
[   13.716618] cloud-init[1096]: ci-info: |   1   |  fe80::/64  |    ::   |   enp0s3  |   U   |
[   13.718802] cloud-init[1096]: ci-info: |   4   |   ff00::/8  |    ::   |   enp0s8  |   U   |
[   13.720923] cloud-init[1096]: ci-info: |   5   |   ff00::/8  |    ::   |   enp0s3  |   U   |
[   13.723033] cloud-init[1096]: ci-info: +-------+-------------+---------+-----------+-------+
[[0;32m  OK  [0m] Started Initial cloud-init job (metadata service crawler).
[[0;32m  OK  [0m] Reached target System Initialization.
[[0;32m  OK  [0m] Started Daily apt download activities.
         Starting Socket activation for snappy daemon.
[[0;32m  OK  [0m] Started Daily apt upgrade and clean activities.
[[0;32m  OK  [0m] Listening on D-Bus System Message Bus Socket.
[[0;32m  OK  [0m] Started Ubuntu Advantage update messaging.
[[0;32m  OK  [0m] Started Message of the Day.
         Starting LXD - unix socket.
[[0;32m  OK  [0m] Started Daily Cleanup of Temporary Directories.
[[0;32m  OK  [0m] Reached target Timers.
[[0;32m  OK  [0m] Listening on ACPID Listen Socket.
[[0;32m  OK  [0m] Listening on UUID daemon activation socket.
[[0;32m  OK  [0m] Started ACPI Events Check.
[[0;32m  OK  [0m] Reached target Paths.
[[0;32m  OK  [0m] Reached target Cloud-config availability.
[[0;32m  OK  [0m] Reached target Network is Online.
         Starting iSCSI initiator daemon (iscsid)...
[[0;32m  OK  [0m] Listening on Socket activation for snappy daemon.
[[0;32m  OK  [0m] Listening on LXD - unix socket.
[[0;32m  OK  [0m] Reached target Sockets.
[[0;32m  OK  [0m] Reached target Basic System.
[[0;32m  OK  [0m] Started ACPI event daemon.
[[0;32m  OK  [0m] Started Regular background program processing daemon.
         Starting System Logging Service...
[[0;32m  OK  [0m] Started Deferred execution scheduler.
         Starting LSB: MD monitoring daemon...
[[0;32m  OK  [0m] Started FUSE filesystem for LXC.
         Starting Accounts Service...
         Starting /etc/rc.local Compatibility...
         Starting LSB: Record successful boot for GRUB...
[[0;32m  OK  [0m] Started D-Bus System Message Bus.
         Starting OpenBSD Secure Shell server...
         Starting LXD - container startup/shutdown...
         Starting Login Service...
         Starting Virtualbox guest utils...
         Starting Snap Daemon...
[[0;32m  OK  [0m] Started System Logging Service.
[[0;32m  OK  [0m] Started /etc/rc.local Compatibility.
[[0;32m  OK  [0m] Started iSCSI initiator daemon (iscsid).
         Starting Login to default iSCSI targets...
         Starting Authenticate and Authorize Users to Run Privileged Tasks...
[[0;32m  OK  [0m] Started Login Service.
[[0;32m  OK  [0m] Started Unattended Upgrades Shutdown.
[[0;32m  OK  [0m] Started LSB: MD monitoring daemon.
[[0;32m  OK  [0m] Started Login to default iSCSI targets.
[[0;32m  OK  [0m] Reached target Remote File Systems (Pre).
[[0;32m  OK  [0m] Reached target Remote File Systems.
         Starting LSB: Set the CPU Frequency Scaling governor to "ondemand"...
         Starting Permit User Sessions...
         Starting LSB: automatic crash report generation...
         Starting LSB: daemon to balance interrupts for SMP systems...
[[0;32m  OK  [0m] Started LSB: Set the CPU Frequency Scaling governor to "ondemand".
[[0;32m  OK  [0m] Started Permit User Sessions.
         Starting Hold until boot process finishes up...
         Starting Terminate Plymouth Boot Screen...
[[0;32m  OK  [0m] Started Hold until boot process finishes up.
[[0;32m  OK  [0m] Started Serial Getty on ttyS0.
[[0;32m  OK  [0m] Started Getty on tty1.
[[0;32m  OK  [0m] Reached target Login Prompts.
         Starting Set console scheme...
[[0;32m  OK  [0m] Started Terminate Plymouth Boot Screen.
[[0;32m  OK  [0m] Started LSB: daemon to balance interrupts for SMP systems.
[[0;32m  OK  [0m] Started Set console scheme.
[[0;32m  OK  [0m] Started OpenBSD Secure Shell server.
[[0;32m  OK  [0m] Started Authenticate and Authorize Users to Run Privileged Tasks.
[[0;32m  OK  [0m] Started Accounts Service.
[[0;32m  OK  [0m] Started LSB: Record successful boot for GRUB.
[[0;32m  OK  [0m] Started LSB: automatic crash report generation.
[[0;32m  OK  [0m] Started Virtualbox guest utils.
[[0;32m  OK  [0m] Started LXD - container startup/shutdown.
[[0;32m  OK  [0m] Started Snap Daemon.
         Starting Wait until snapd is fully seeded...
[[0;32m  OK  [0m] Started Wait until snapd is fully seeded.
         Starting Apply the settings specified in cloud-config...
[[0;32m  OK  [0m] Reached target Multi-User System.
[[0;32m  OK  [0m] Reached target Graphical Interface.
         Starting Update UTMP about System Runlevel Changes...
[[0;32m  OK  [0m] Started Update UTMP about System Runlevel Changes.
[   18.037840] cloud-init[1355]: Cloud-init v. 21.1-19-gbad84ad4-0ubuntu1~16.04.2 running 'modules:config' at Fri, 10 Sep 2021 01:55:29 +0000. Up 17.83 seconds.
[[0;32m  OK  [0m] Started Apply the settings specified in cloud-config.
         Starting Execute cloud user/final scripts...
[   18.707051] cloud-init[1367]: Cloud-init v. 21.1-19-gbad84ad4-0ubuntu1~16.04.2 running 'modules:final' at Fri, 10 Sep 2021 01:55:29 +0000. Up 18.53 seconds.
[   18.709713] cloud-init[1367]: Cloud-init v. 21.1-19-gbad84ad4-0ubuntu1~16.04.2 finished at Fri, 10 Sep 2021 01:55:30 +0000. Datasource DataSourceNoCloud [seed=/dev/sdb][dsmode=net].  Up 18.69 seconds
[[0;32m  OK  [0m] Started Execute cloud user/final scripts.
[[0;32m  OK  [0m] Reached target Cloud-init target.

Ubuntu 16.04.7 LTS web01 ttyS0

web01 login: 